<?xml version="1.0" encoding="UTF-8"?>
<testsuite name="com.websocketReport.ApplicationTest" tests="1" skipped="0" failures="0" errors="0" timestamp="2019-01-29T23:39:19" hostname="Aspire-A315-21" time="1.083">
  <properties/>
  <testcase name="testRoot" classname="com.websocketReport.ApplicationTest" time="1.083"/>
  <system-out><![CDATA[2019-01-30 00:39:19.999 [Test worker] INFO  ktor.test - No ktor.deployment.watch patterns specified, automatic reload is not active
]]></system-out>
  <system-err><![CDATA[]]></system-err>
</testsuite>
